2012/07/26 15:05:19 [error] [exception.CHttpException.404] exception 'CHttpException' with message 'The system is unable to find the requested action "contact".' in F:\wamp\www\learntdev\framework\web\CController.php:484
Stack trace:
#0 F:\wamp\www\learntdev\framework\web\CController.php(271): CController->missingAction('contact')
#1 F:\wamp\www\learntdev\framework\web\CWebApplication.php(276): CController->run('contact')
#2 F:\wamp\www\learntdev\framework\web\CWebApplication.php(135): CWebApplication->runController('test/contact')
#3 F:\wamp\www\learntdev\framework\base\CApplication.php(162): CWebApplication->processRequest()
#4 F:\wamp\www\learntdev\index.php(13): CApplication->run()
#5 {main}
REQUEST_URI=/learntdev/index.php?r=test/contact
---
2012/07/26 15:05:26 [error] [exception.CException] exception 'CException' with message 'TestController and its behaviors do not have a method or closure named "assertTrue".' in F:\wamp\www\learntdev\framework\base\CComponent.php:266
Stack trace:
#0 F:\wamp\www\learntdev\protected\controllers\TestController.php(24): CComponent->__call('assertTrue', Array)
#1 F:\wamp\www\learntdev\protected\controllers\TestController.php(24): TestController->assertTrue(true)
#2 F:\wamp\www\learntdev\framework\web\actions\CInlineAction.php(50): TestController->ActionTestC()
#3 F:\wamp\www\learntdev\framework\web\CController.php(309): CInlineAction->runWithParams(Array)
#4 F:\wamp\www\learntdev\framework\web\CController.php(287): CController->runAction(Object(CInlineAction))
#5 F:\wamp\www\learntdev\framework\web\CController.php(266): CController->runActionWithFilters(Object(CInlineAction), Array)
#6 F:\wamp\www\learntdev\framework\web\CWebApplication.php(276): CController->run('testc')
#7 F:\wamp\www\learntdev\framework\web\CWebApplication.php(135): CWebApplication->runController('test/testc')
#8 F:\wamp\www\learntdev\framework\base\CApplication.php(162): CWebApplication->processRequest()
#9 F:\wamp\www\learntdev\index.php(13): CApplication->run()
#10 {main}
REQUEST_URI=/learntdev/index.php?r=test/testc
---
2012/07/26 15:20:51 [error] [php] Trying to get property of non-object (F:\wamp\www\learntdev\protected\controllers\TestController.php:40)
Stack trace:
#0 F:\wamp\www\learntdev\framework\web\CController.php(287): TestController->runAction()
#1 F:\wamp\www\learntdev\framework\web\CController.php(266): TestController->runActionWithFilters()
#2 F:\wamp\www\learntdev\framework\web\CWebApplication.php(276): TestController->run()
#3 F:\wamp\www\learntdev\framework\web\CWebApplication.php(135): CWebApplication->runController()
#4 F:\wamp\www\learntdev\framework\base\CApplication.php(162): CWebApplication->processRequest()
#5 F:\wamp\www\learntdev\index.php(13): CWebApplication->run()
REQUEST_URI=/learntdev/index.php?r=test/testu
in F:\wamp\www\learntdev\protected\controllers\TestController.php (40)
in F:\wamp\www\learntdev\index.php (13)
2012/07/26 15:20:56 [error] [php] Trying to get property of non-object (F:\wamp\www\learntdev\protected\controllers\TestController.php:40)
Stack trace:
#0 F:\wamp\www\learntdev\framework\web\CController.php(287): TestController->runAction()
#1 F:\wamp\www\learntdev\framework\web\CController.php(266): TestController->runActionWithFilters()
#2 F:\wamp\www\learntdev\framework\web\CWebApplication.php(276): TestController->run()
#3 F:\wamp\www\learntdev\framework\web\CWebApplication.php(135): CWebApplication->runController()
#4 F:\wamp\www\learntdev\framework\base\CApplication.php(162): CWebApplication->processRequest()
#5 F:\wamp\www\learntdev\index.php(13): CWebApplication->run()
REQUEST_URI=/learntdev/index.php?r=test/testu
in F:\wamp\www\learntdev\protected\controllers\TestController.php (40)
in F:\wamp\www\learntdev\index.php (13)
